Starting Nakshatra App...
Tue 30 Jul 10:54:52 IST 2024
Virtual environment activated.
Python script executed.
Nakshatra App finished.
Starting Nakshatra App...
Tue 30 Jul 10:58:17 IST 2024
Virtual environment activated.
Python script executed.
Nakshatra App finished.
Starting Nakshatra App...
Tue 30 Jul 10:59:14 IST 2024
Virtual environment activated.
Python script executed.
Nakshatra App finished.
Starting Nakshatra App...
Tue 30 Jul 11:02:19 IST 2024
Virtual environment activated.
Python script executed.
Nakshatra App finished.
Starting Nakshatra App...
Tue 30 Jul 11:02:29 IST 2024
Virtual environment activated.
Python script executed.
Nakshatra App finished.
Starting Nakshatra App...
Tue 30 Jul 11:04:41 IST 2024
Virtual environment activated.
Python script executed.
Nakshatra App finished.
Starting Nakshatra App...
Tue 30 Jul 11:04:51 IST 2024
Virtual environment activated.
Python script executed.
Nakshatra App finished.
Starting Nakshatra App...
Tue 30 Jul 11:05:40 IST 2024
Virtual environment activated.
Python script executed.
Nakshatra App finished.
Starting Nakshatra App...
Tue 30 Jul 11:05:55 IST 2024
Virtual environment activated.
Python script executed.
Nakshatra App finished.
Starting Nakshatra App...
Tue 30 Jul 11:06:08 IST 2024
Virtual environment activated.
Python script executed.
Nakshatra App finished.
Starting Nakshatra App...
Tue 30 Jul 11:06:41 IST 2024
Virtual environment activated.
Python script executed.
Nakshatra App finished.
Starting Nakshatra App...
Tue 30 Jul 11:06:50 IST 2024
Virtual environment activated.
Python script executed.
Nakshatra App finished.
Starting Nakshatra App...
Tue 30 Jul 11:09:42 IST 2024
Virtual environment activated.
Python script executed.
Nakshatra App finished.
Starting Nakshatra App...
Tue 30 Jul 11:09:51 IST 2024
Virtual environment activated.
Python script executed.
Nakshatra App finished.
Starting Nakshatra App...
Tue 30 Jul 11:10:05 IST 2024
Virtual environment activated.
Python script executed.
Nakshatra App finished.
Starting Nakshatra App...
Tue 30 Jul 11:37:37 IST 2024
Virtual environment activated.
Python script executed.
Nakshatra App finished.
Starting Nakshatra App...
Tue 30 Jul 11:38:03 IST 2024
Virtual environment activated.
Python script executed.
Nakshatra App finished.
Starting Nakshatra App...
Tue 30 Jul 11:39:02 IST 2024
Virtual environment activated.
Python script executed.
Nakshatra App finished.
Starting Nakshatra App...
Tue 30 Jul 11:46:36 IST 2024
Virtual environment activated.
Python script executed.
Nakshatra App finished.
Starting Nakshatra App...
Tue 30 Jul 11:48:40 IST 2024
Virtual environment activated.
Python script executed.
Nakshatra App finished.
